1493694789535	geckodriver	INFO	Listening on 127.0.0.1:58865
1493694790564	geckodriver::marionette	INFO	Starting browser /Applications/Firefox.app/Contents/MacOS/firefox-bin with args ["-marionette"]
1493694791993	Marionette	INFO	Listening on port 58879
1493694792091	Marionette	WARN	TLS certificate errors will be ignored for this session
2017-05-01 23:13:12.409 plugin-container[96992:303] *** CFMessagePort: bootstrap_register(): failed 1100 (0x44c) 'Permission denied', port = 0x4a17, name = 'com.apple.tsm.portname'
See /usr/include/servers/bootstrap_defs.h for the error codes.
2017-05-01 23:13:12.410 plugin-container[96992:303] *** CFMessagePort: bootstrap_register(): failed 1100 (0x44c) 'Permission denied', port = 0x8c4f, name = 'com.apple.CFPasteboardClient'
See /usr/include/servers/bootstrap_defs.h for the error codes.
2017-05-01 23:13:12.410 plugin-container[96992:303] Failed to allocate communication port for com.apple.CFPasteboardClient; this is likely due to sandbox restrictions
1493694792517	Marionette	INFO	New connections will no longer be accepted
1493694838142	geckodriver	INFO	Listening on 127.0.0.1:59133
1493694839174	geckodriver::marionette	INFO	Starting browser /Applications/Firefox.app/Contents/MacOS/firefox-bin with args ["-marionette"]
1493694840602	Marionette	INFO	Listening on port 59147
1493694840699	Marionette	WARN	TLS certificate errors will be ignored for this session
2017-05-01 23:14:01.027 plugin-container[97046:303] *** CFMessagePort: bootstrap_register(): failed 1100 (0x44c) 'Permission denied', port = 0x8f1b, name = 'com.apple.tsm.portname'
See /usr/include/servers/bootstrap_defs.h for the error codes.
2017-05-01 23:14:01.028 plugin-container[97046:303] *** CFMessagePort: bootstrap_register(): failed 1100 (0x44c) 'Permission denied', port = 0x8d4f, name = 'com.apple.CFPasteboardClient'
See /usr/include/servers/bootstrap_defs.h for the error codes.
2017-05-01 23:14:01.028 plugin-container[97046:303] Failed to allocate communication port for com.apple.CFPasteboardClient; this is likely due to sandbox restrictions
1493694841129	Marionette	INFO	New connections will no longer be accepted
1493694889384	geckodriver	INFO	Listening on 127.0.0.1:59413
1493694890416	geckodriver::marionette	INFO	Starting browser /Applications/Firefox.app/Contents/MacOS/firefox-bin with args ["-marionette"]
1493694891837	Marionette	INFO	Listening on port 59427
1493694891943	Marionette	WARN	TLS certificate errors will be ignored for this session
2017-05-01 23:14:52.298 plugin-container[97094:303] *** CFMessagePort: bootstrap_register(): failed 1100 (0x44c) 'Permission denied', port = 0x4a0f, name = 'com.apple.tsm.portname'
See /usr/include/servers/bootstrap_defs.h for the error codes.
2017-05-01 23:14:52.299 plugin-container[97094:303] *** CFMessagePort: bootstrap_register(): failed 1100 (0x44c) 'Permission denied', port = 0x8c3f, name = 'com.apple.CFPasteboardClient'
See /usr/include/servers/bootstrap_defs.h for the error codes.
2017-05-01 23:14:52.299 plugin-container[97094:303] Failed to allocate communication port for com.apple.CFPasteboardClient; this is likely due to sandbox restrictions
1493694892388	Marionette	INFO	New connections will no longer be accepted
1493694943606	geckodriver	INFO	Listening on 127.0.0.1:59660
1493694944638	geckodriver::marionette	INFO	Starting browser /Applications/Firefox.app/Contents/MacOS/firefox-bin with args ["-marionette"]
1493694946086	Marionette	INFO	Listening on port 59674
1493694946167	Marionette	WARN	TLS certificate errors will be ignored for this session
2017-05-01 23:15:46.505 plugin-container[97142:303] *** CFMessagePort: bootstrap_register(): failed 1100 (0x44c) 'Permission denied', port = 0x4917, name = 'com.apple.tsm.portname'
See /usr/include/servers/bootstrap_defs.h for the error codes.
2017-05-01 23:15:46.505 plugin-container[97142:303] *** CFMessagePort: bootstrap_register(): failed 1100 (0x44c) 'Permission denied', port = 0x4a23, name = 'com.apple.CFPasteboardClient'
See /usr/include/servers/bootstrap_defs.h for the error codes.
2017-05-01 23:15:46.505 plugin-container[97142:303] Failed to allocate communication port for com.apple.CFPasteboardClient; this is likely due to sandbox restrictions
1493694947662	Marionette	INFO	New connections will no longer be accepted
1493694995484	geckodriver	INFO	Listening on 127.0.0.1:59946
1493694996521	geckodriver::marionette	INFO	Starting browser /Applications/Firefox.app/Contents/MacOS/firefox-bin with args ["-marionette"]
1493694997962	Marionette	INFO	Listening on port 59960
1493694998049	Marionette	WARN	TLS certificate errors will be ignored for this session
2017-05-01 23:16:38.430 plugin-container[97186:303] *** CFMessagePort: bootstrap_register(): failed 1100 (0x44c) 'Permission denied', port = 0x8f1b, name = 'com.apple.tsm.portname'
See /usr/include/servers/bootstrap_defs.h for the error codes.
2017-05-01 23:16:38.431 plugin-container[97186:303] *** CFMessagePort: bootstrap_register(): failed 1100 (0x44c) 'Permission denied', port = 0x8b2f, name = 'com.apple.CFPasteboardClient'
See /usr/include/servers/bootstrap_defs.h for the error codes.
2017-05-01 23:16:38.431 plugin-container[97186:303] Failed to allocate communication port for com.apple.CFPasteboardClient; this is likely due to sandbox restrictions
1493694999573	Marionette	INFO	New connections will no longer be accepted
1493695068334	geckodriver	INFO	Listening on 127.0.0.1:60313
1493695069366	geckodriver::marionette	INFO	Starting browser /Applications/Firefox.app/Contents/MacOS/firefox-bin with args ["-marionette"]
1493695070787	Marionette	INFO	Listening on port 60327
1493695070893	Marionette	WARN	TLS certificate errors will be ignored for this session
2017-05-01 23:17:51.231 plugin-container[97249:303] *** CFMessagePort: bootstrap_register(): failed 1100 (0x44c) 'Permission denied', port = 0x490f, name = 'com.apple.tsm.portname'
See /usr/include/servers/bootstrap_defs.h for the error codes.
2017-05-01 23:17:51.231 plugin-container[97249:303] *** CFMessagePort: bootstrap_register(): failed 1100 (0x44c) 'Permission denied', port = 0x8c3b, name = 'com.apple.CFPasteboardClient'
See /usr/include/servers/bootstrap_defs.h for the error codes.
2017-05-01 23:17:51.232 plugin-container[97249:303] Failed to allocate communication port for com.apple.CFPasteboardClient; this is likely due to sandbox restrictions
1493695072395	Marionette	INFO	New connections will no longer be accepted
1493783983018	geckodriver	INFO	Listening on 127.0.0.1:51220
1493783984053	geckodriver::marionette	INFO	Starting browser /Applications/Firefox.app/Contents/MacOS/firefox-bin with args ["-marionette"]
1493783985548	Marionette	INFO	Listening on port 51230
1493783985602	Marionette	WARN	TLS certificate errors will be ignored for this session
2017-05-02 23:59:45.997 plugin-container[44410:303] *** CFMessagePort: bootstrap_register(): failed 1100 (0x44c) 'Permission denied', port = 0x4a0f, name = 'com.apple.tsm.portname'
See /usr/include/servers/bootstrap_defs.h for the error codes.
2017-05-02 23:59:45.997 plugin-container[44410:303] *** CFMessagePort: bootstrap_register(): failed 1100 (0x44c) 'Permission denied', port = 0x8b3f, name = 'com.apple.CFPasteboardClient'
See /usr/include/servers/bootstrap_defs.h for the error codes.
2017-05-02 23:59:45.997 plugin-container[44410:303] Failed to allocate communication port for com.apple.CFPasteboardClient; this is likely due to sandbox restrictions
1493783986037	Marionette	INFO	New connections will no longer be accepted
[GFX1]: [Tiling:Client] Failed to allocate a TextureClient
[GFX1]: ValidateTile failed
[GFX1]: [Tiling:Client] Failed to allocate a TextureClient
[GFX1]: ValidateTile failed
1493784191929	geckodriver	INFO	Listening on 127.0.0.1:51373
1493784192962	geckodriver::marionette	INFO	Starting browser /Applications/Firefox.app/Contents/MacOS/firefox-bin with args ["-marionette"]
1493784194395	Marionette	INFO	Listening on port 51383
1493784194488	Marionette	WARN	TLS certificate errors will be ignored for this session
2017-05-03 00:03:14.838 plugin-container[44918:303] *** CFMessagePort: bootstrap_register(): failed 1100 (0x44c) 'Permission denied', port = 0x482b, name = 'com.apple.tsm.portname'
See /usr/include/servers/bootstrap_defs.h for the error codes.
2017-05-03 00:03:14.839 plugin-container[44918:303] *** CFMessagePort: bootstrap_register(): failed 1100 (0x44c) 'Permission denied', port = 0x8b3f, name = 'com.apple.CFPasteboardClient'
See /usr/include/servers/bootstrap_defs.h for the error codes.
2017-05-03 00:03:14.839 plugin-container[44918:303] Failed to allocate communication port for com.apple.CFPasteboardClient; this is likely due to sandbox restrictions
1493784196066	Marionette	INFO	New connections will no longer be accepted
1493784273158	geckodriver	INFO	Listening on 127.0.0.1:51453
1493784274191	geckodriver::marionette	INFO	Starting browser /Applications/Firefox.app/Contents/MacOS/firefox-bin with args ["-marionette"]
1493784275634	Marionette	INFO	Listening on port 51463
1493784275719	Marionette	WARN	TLS certificate errors will be ignored for this session
2017-05-03 00:04:36.084 plugin-container[45007:303] *** CFMessagePort: bootstrap_register(): failed 1100 (0x44c) 'Permission denied', port = 0x901f, name = 'com.apple.tsm.portname'
See /usr/include/servers/bootstrap_defs.h for the error codes.
2017-05-03 00:04:36.085 plugin-container[45007:303] *** CFMessagePort: bootstrap_register(): failed 1100 (0x44c) 'Permission denied', port = 0x8d4b, name = 'com.apple.CFPasteboardClient'
See /usr/include/servers/bootstrap_defs.h for the error codes.
2017-05-03 00:04:36.085 plugin-container[45007:303] Failed to allocate communication port for com.apple.CFPasteboardClient; this is likely due to sandbox restrictions
1493784286237	Marionette	INFO	New connections will no longer be accepted
1493868780619	geckodriver	INFO	Listening on 127.0.0.1:63698
1493868781685	geckodriver::marionette	INFO	Starting browser /Applications/Firefox.app/Contents/MacOS/firefox-bin with args ["-marionette"]
1493868783634	Marionette	INFO	Listening on port 63708
1493868783719	Marionette	WARN	TLS certificate errors will be ignored for this session
2017-05-03 23:33:04.096 plugin-container[84347:303] *** CFMessagePort: bootstrap_register(): failed 1100 (0x44c) 'Permission denied', port = 0x4917, name = 'com.apple.tsm.portname'
See /usr/include/servers/bootstrap_defs.h for the error codes.
2017-05-03 23:33:04.097 plugin-container[84347:303] *** CFMessagePort: bootstrap_register(): failed 1100 (0x44c) 'Permission denied', port = 0x8b4f, name = 'com.apple.CFPasteboardClient'
See /usr/include/servers/bootstrap_defs.h for the error codes.
2017-05-03 23:33:04.097 plugin-container[84347:303] Failed to allocate communication port for com.apple.CFPasteboardClient; this is likely due to sandbox restrictions
1493868785331	Marionette	INFO	New connections will no longer be accepted
1493869275386	geckodriver	INFO	Listening on 127.0.0.1:63798
1493869276423	geckodriver::marionette	INFO	Starting browser /Applications/Firefox.app/Contents/MacOS/firefox-bin with args ["-marionette"]
1493869277861	Marionette	INFO	Listening on port 63808
1493869277947	Marionette	WARN	TLS certificate errors will be ignored for this session
2017-05-03 23:41:18.301 plugin-container[84755:303] *** CFMessagePort: bootstrap_register(): failed 1100 (0x44c) 'Permission denied', port = 0x490f, name = 'com.apple.tsm.portname'
See /usr/include/servers/bootstrap_defs.h for the error codes.
2017-05-03 23:41:18.301 plugin-container[84755:303] *** CFMessagePort: bootstrap_register(): failed 1100 (0x44c) 'Permission denied', port = 0x8a3f, name = 'com.apple.CFPasteboardClient'
See /usr/include/servers/bootstrap_defs.h for the error codes.
2017-05-03 23:41:18.302 plugin-container[84755:303] Failed to allocate communication port for com.apple.CFPasteboardClient; this is likely due to sandbox restrictions
1493869278497	Marionette	INFO	New connections will no longer be accepted
[GFX1-]: Receive IPC close with reason=AbnormalShutdown
1493869550593	geckodriver	INFO	Listening on 127.0.0.1:63885
1493869551625	geckodriver::marionette	INFO	Starting browser /Applications/Firefox.app/Contents/MacOS/firefox-bin with args ["-marionette"]
1493869553083	Marionette	INFO	Listening on port 63895
1493869553156	Marionette	WARN	TLS certificate errors will be ignored for this session
2017-05-03 23:45:53.566 plugin-container[84993:303] *** CFMessagePort: bootstrap_register(): failed 1100 (0x44c) 'Permission denied', port = 0x472b, name = 'com.apple.tsm.portname'
See /usr/include/servers/bootstrap_defs.h for the error codes.
2017-05-03 23:45:53.567 plugin-container[84993:303] *** CFMessagePort: bootstrap_register(): failed 1100 (0x44c) 'Permission denied', port = 0x8a3f, name = 'com.apple.CFPasteboardClient'
See /usr/include/servers/bootstrap_defs.h for the error codes.
2017-05-03 23:45:53.567 plugin-container[84993:303] Failed to allocate communication port for com.apple.CFPasteboardClient; this is likely due to sandbox restrictions
1493869553766	Marionette	INFO	New connections will no longer be accepted
1493954986881	geckodriver	INFO	Listening on 127.0.0.1:62991
1493954987943	geckodriver::marionette	INFO	Starting browser /Applications/Firefox.app/Contents/MacOS/firefox-bin with args ["-marionette"]
1493954989916	Marionette	INFO	Listening on port 63001
1493954989986	Marionette	WARN	TLS certificate errors will be ignored for this session
2017-05-04 23:29:50.376 plugin-container[22700:303] *** CFMessagePort: bootstrap_register(): failed 1100 (0x44c) 'Permission denied', port = 0x8d1b, name = 'com.apple.tsm.portname'
See /usr/include/servers/bootstrap_defs.h for the error codes.
2017-05-04 23:29:50.377 plugin-container[22700:303] *** CFMessagePort: bootstrap_register(): failed 1100 (0x44c) 'Permission denied', port = 0x892f, name = 'com.apple.CFPasteboardClient'
See /usr/include/servers/bootstrap_defs.h for the error codes.
2017-05-04 23:29:50.377 plugin-container[22700:303] Failed to allocate communication port for com.apple.CFPasteboardClient; this is likely due to sandbox restrictions
1493954991612	Marionette	INFO	New connections will no longer be accepted
1493955059744	geckodriver	INFO	Listening on 127.0.0.1:63087
1493955060777	geckodriver::marionette	INFO	Starting browser /Applications/Firefox.app/Contents/MacOS/firefox-bin with args ["-marionette"]
1493955062233	Marionette	INFO	Listening on port 63097
1493955062308	Marionette	WARN	TLS certificate errors will be ignored for this session
2017-05-04 23:31:02.668 plugin-container[22778:303] *** CFMessagePort: bootstrap_register(): failed 1100 (0x44c) 'Permission denied', port = 0x490f, name = 'com.apple.tsm.portname'
See /usr/include/servers/bootstrap_defs.h for the error codes.
2017-05-04 23:31:02.668 plugin-container[22778:303] *** CFMessagePort: bootstrap_register(): failed 1100 (0x44c) 'Permission denied', port = 0x9233, name = 'com.apple.CFPasteboardClient'
See /usr/include/servers/bootstrap_defs.h for the error codes.
2017-05-04 23:31:02.668 plugin-container[22778:303] Failed to allocate communication port for com.apple.CFPasteboardClient; this is likely due to sandbox restrictions
1493955063881	Marionette	INFO	New connections will no longer be accepted
1493955483254	geckodriver	INFO	Listening on 127.0.0.1:63192
1493955484287	geckodriver::marionette	INFO	Starting browser /Applications/Firefox.app/Contents/MacOS/firefox-bin with args ["-marionette"]
1493955485810	Marionette	INFO	Listening on port 63202
1493955485914	Marionette	WARN	TLS certificate errors will be ignored for this session
2017-05-04 23:38:06.351 plugin-container[23139:303] *** CFMessagePort: bootstrap_register(): failed 1100 (0x44c) 'Permission denied', port = 0x4917, name = 'com.apple.tsm.portname'
See /usr/include/servers/bootstrap_defs.h for the error codes.
2017-05-04 23:38:06.352 plugin-container[23139:303] *** CFMessagePort: bootstrap_register(): failed 1100 (0x44c) 'Permission denied', port = 0x8c4b, name = 'com.apple.CFPasteboardClient'
See /usr/include/servers/bootstrap_defs.h for the error codes.
2017-05-04 23:38:06.352 plugin-container[23139:303] Failed to allocate communication port for com.apple.CFPasteboardClient; this is likely due to sandbox restrictions
1493955487577	Marionette	INFO	New connections will no longer be accepted
1493955573218	geckodriver	INFO	Listening on 127.0.0.1:63276
1493955574254	geckodriver::marionette	INFO	Starting browser /Applications/Firefox.app/Contents/MacOS/firefox-bin with args ["-marionette"]
1493955575809	Marionette	INFO	Listening on port 63286
1493955575895	Marionette	WARN	TLS certificate errors will be ignored for this session
2017-05-04 23:39:36.369 plugin-container[23228:303] *** CFMessagePort: bootstrap_register(): failed 1100 (0x44c) 'Permission denied', port = 0x4833, name = 'com.apple.tsm.portname'
See /usr/include/servers/bootstrap_defs.h for the error codes.
2017-05-04 23:39:36.370 plugin-container[23228:303] *** CFMessagePort: bootstrap_register(): failed 1100 (0x44c) 'Permission denied', port = 0x914f, name = 'com.apple.CFPasteboardClient'
See /usr/include/servers/bootstrap_defs.h for the error codes.
2017-05-04 23:39:36.370 plugin-container[23228:303] Failed to allocate communication port for com.apple.CFPasteboardClient; this is likely due to sandbox restrictions
1493955577582	Marionette	INFO	New connections will no longer be accepted
1493955794613	geckodriver	INFO	Listening on 127.0.0.1:63361
1493955795739	geckodriver::marionette	INFO	Starting browser /Applications/Firefox.app/Contents/MacOS/firefox-bin with args ["-marionette"]
1493955801131	Marionette	INFO	Listening on port 63371
1493955801314	Marionette	WARN	TLS certificate errors will be ignored for this session
2017-05-04 23:43:22.967 plugin-container[23423:303] *** CFMessagePort: bootstrap_register(): failed 1100 (0x44c) 'Permission denied', port = 0x8c17, name = 'com.apple.tsm.portname'
See /usr/include/servers/bootstrap_defs.h for the error codes.
2017-05-04 23:43:22.969 plugin-container[23423:303] *** CFMessagePort: bootstrap_register(): failed 1100 (0x44c) 'Permission denied', port = 0x8b3b, name = 'com.apple.CFPasteboardClient'
See /usr/include/servers/bootstrap_defs.h for the error codes.
2017-05-04 23:43:22.970 plugin-container[23423:303] Failed to allocate communication port for com.apple.CFPasteboardClient; this is likely due to sandbox restrictions
1493955805995	Marionette	INFO	New connections will no longer be accepted
